<?xml version="1.0" encoding="UTF-8"?>
<!-- Generated by org.testng.reporters.JUnitReportReporter -->
<testsuite skipped="0" hostname="qe-aneimat-n" name="tests.NoOfUsersTC" tests="1" failures="0" timestamp="13 Mar 2019 06:39:10 GMT" time="26.682" errors="0">
  <testcase name="AddRolescode" time="26.682" classname="tests.NoOfUsersTC"/>
</testsuite> <!-- tests.NoOfUsersTC -->
