<?xml version="1.0" encoding="UTF-8"?>
<!-- Generated by org.testng.reporters.JUnitReportReporter -->
<testsuite skipped="0" hostname="qe-aneimat-n" name="tests.AddRoles" tests="1" failures="0" timestamp="13 Mar 2019 06:18:23 GMT" time="62.140" errors="0">
  <testcase name="AddRolescode" time="62.140" classname="tests.AddRoles"/>
</testsuite> <!-- tests.AddRoles -->
