<?xml version="1.0" encoding="UTF-8"?>
<!-- Generated by org.testng.reporters.JUnitReportReporter -->
<testsuite skipped="0" hostname="qe-aneimat-n" name="tests.AddPortalmanager" tests="1" failures="0" timestamp="22 Jan 2019 13:56:52 GMT" time="7.535" errors="0">
  <testcase name="Portalmanagercode" time="7.535" classname="tests.AddPortalmanager"/>
</testsuite> <!-- tests.AddPortalmanager -->
