<?xml version="1.0" encoding="UTF-8"?>
<!-- Generated by org.testng.reporters.JUnitReportReporter -->
<testsuite skipped="0" hostname="qe-aneimat-n" name="tests.OrganizationLoginTC" tests="1" failures="0" timestamp="13 Mar 2019 08:50:03 GMT" time="6.241" errors="0">
  <testcase name="logincode" time="6.241" classname="tests.OrganizationLoginTC"/>
</testsuite> <!-- tests.OrganizationLoginTC -->
