<?xml version="1.0" encoding="UTF-8"?>
<!-- Generated by org.testng.reporters.JUnitReportReporter -->
<testsuite skipped="0" hostname="qe-aneimat-n" name="tests.EndUsers" tests="1" failures="0" timestamp="13 Mar 2019 06:39:10 GMT" time="13.059" errors="0">
  <testcase name="EndUsercode" time="13.059" classname="tests.EndUsers"/>
</testsuite> <!-- tests.EndUsers -->
