<?xml version="1.0" encoding="UTF-8"?>
<!-- Generated by org.testng.reporters.JUnitReportReporter -->
<testsuite skipped="0" hostname="Aya-PC" name="tests.SignUpTC" tests="1" failures="0" timestamp="07 Sep 2019 18:05:27 GMT" time="12.045" errors="0">
  <testcase name="SignUpcode" time="12.045" classname="tests.SignUpTC"/>
</testsuite> <!-- tests.SignUpTC -->
