<?xml version="1.0" encoding="UTF-8"?>
<!-- Generated by org.testng.reporters.JUnitReportReporter -->
<testsuite skipped="0" hostname="qe-aneimat-n" name="tests.ComposeSite" tests="1" failures="0" timestamp="13 Mar 2019 08:50:03 GMT" time="193.380" errors="0">
  <testcase name="Composercode" time="193.380" classname="tests.ComposeSite"/>
</testsuite> <!-- tests.ComposeSite -->
